<?xml version="1.0" encoding="UTF-8"?>
<!-- Generated by org.testng.reporters.JUnitXMLReporter -->
<testsuite ignored="0" hostname="LAPTOP-06GFGGBP" failures="1" tests="3" name="Error Validation Test" time="40.989" errors="0" timestamp="2024-07-01T19:10:47 IST">
  <testcase classname="rahulshettyacademy.tests.ErrorValidationsTest" name="loginErrorValidatio" time="1.179">
    <skipped/>
  </testcase> <!-- loginErrorValidatio -->
  <testcase classname="rahulshettyacademy.tests.ErrorValidationsTest" name="loginErrorValidatio" time="1.183">
    <failure type="java.lang.AssertionError" message="expected [Incorrect email1 or password.] but found [Incorrect email or password.]">
      <![CDATA[java.lang.AssertionError: expected [Incorrect email1 or password.] but found [Incorrect email or password.]
at rahulshettyacademy.tests.ErrorValidationsTest.loginErrorValidatio(ErrorValidationsTest.java:41)
at java.base/java.util.ArrayList.forEach(ArrayList.java:1596)
at java.base/java.util.concurrent.FutureTask.run(FutureTask.java:317)
at java.base/java.util.concurrent.ThreadPoolExecutor.runWorker(ThreadPoolExecutor.java:1144)
at java.base/java.util.concurrent.ThreadPoolExecutor$Worker.run(ThreadPoolExecutor.java:642)
at java.base/java.lang.Thread.run(Thread.java:1583)
... Removed 21 stack frames]]>
    </failure>
  </testcase> <!-- loginErrorValidatio -->
  <testcase classname="rahulshettyacademy.tests.ErrorValidationsTest" name="productErrorValidation" time="24.16"/>
</testsuite> <!-- Error Validation Test -->
